<?xml version="1.0" encoding="UTF-8"?>
<!-- Generated by org.testng.reporters.JUnitReportReporter -->
<testsuite hostname="DESKTOP-FUHRP9K" failures="0" tests="1" name="com.vois.testcases.TestCases" time="13.278" errors="0" timestamp="2021-12-23T22:56:54 EET" skipped="0">
  <testcase classname="com.vois.testcases.TestCases" name="check" time="13.278"/>
  <system-out/>
</testsuite> <!-- com.vois.testcases.TestCases -->
