<?xml version="1.0" encoding="UTF-8"?>
<!-- Generated by org.testng.reporters.JUnitReportReporter -->
<testsuite hostname="DESKTOP-FUHRP9K" failures="0" tests="1" name="com.vois.testcases.TestCases" time="15.851" errors="0" timestamp="2021-12-25T19:24:27 EET" skipped="0">
  <testcase classname="com.vois.testcases.TestCases" name="check" time="15.851"/>
  <system-out/>
</testsuite> <!-- com.vois.testcases.TestCases -->
